<?xml version="1.0" encoding="UTF-8"?>
<testsuite xmlns:xsi="http://www.w3.org/2001/XMLSchema-instance" xsi:noNamespaceSchemaLocation="https://maven.apache.org/surefire/maven-surefire-plugin/xsd/surefire-test-report-3.0.xsd" version="3.0" name="com.example.spring_deploy.Spring_deploy.SpringDeployApplicationTests" time="2.132" tests="1" errors="0" skipped="0" failures="0">
  <properties>
[...]
</properties>
  <testcase name="contextLoads" classname="com.example.spring_deploy.Spring_deploy.SpringDeployApplicationTests" time="0.649">
    <system-out><![CDATA[15:12:03.114 [main] INFO org.springframework.test.context.support.AnnotationConfigContextLoaderUtils -- Could not detect default configuration classes for test class [com.example.spring_deploy.Spring_deploy.SpringDeployApplicationTests]: SpringDeployApplicationTests does not declare any static, non-private, non-final, nested classes annotated with @Configuration.
15:12:03.202 [main] INFO org.springframework.boot.test.context.SpringBootTestContextBootstrapper -- Found @SpringBootConfiguration com.example.spring_deploy.Spring_deploy.SpringDeployApplication for test class com.example.spring_deploy.Spring_deploy.SpringDeployApplicationTests
15:12:03.315 [main] INFO org.springframework.boot.devtools.restart.RestartApplicationListener -- Restart disabled due to context in which it is running
  .   ____          _            __ _ _
 /\\ / ___'_ __ _ _(_)_ __  __ _ \ \ \ \
( ( )\___ | '_ | '_| | '_ \/ _` | \ \ \ \
 \\/  ___)| |_)| | | | | || (_| |  ) ) ) )
  '  |____| .__|_| |_|_| |_\__, | / / / /
 =========|_|==============|___/=/_/_/_/

 :: Spring Boot ::                (v3.3.0)

2024-06-12T15:12:03.597-05:00  INFO 9336 --- [Spring-deploy] [           main] c.e.s.S.SpringDeployApplicationTests     : Starting SpringDeployApplicationTests using Java 22.0.1 with PID 9336 (started by gianc in D:\Cosas\Programacion\Proyectos Spring\Spring-deploy)
2024-06-12T15:12:03.598-05:00  INFO 9336 --- [Spring-deploy] [           main] c.e.s.S.SpringDeployApplicationTests     : The following 1 profile is active: "dev"
2024-06-12T15:12:04.447-05:00  INFO 9336 --- [Spring-deploy] [           main] c.e.s.S.SpringDeployApplicationTests     : Started SpringDeployApplicationTests in 1.142 seconds (process running for 1.876)
PATHC:\Program Files\Common Files\Oracle\Java\javapath;C:\Program Files\Java\jdk-22\bin;C:\Windows\system32;C:\Windows;C:\Windows\System32\Wbem;C:\Windows\System32\WindowsPowerShell\v1.0\;C:\Windows\System32\OpenSSH\;C:\Program Files\dotnet\;D:\Archivos de Programas\Git\cmd;C:\Program Files\Java\apache-maven-3.9.7\bin;C:\Users\gianc\AppData\Local\Microsoft\WindowsApps;;D:\Archivos de Programas\IntelliJ IDEA Community Edition 2024.1.1\bin;
USERDOMAIN_ROAMINGPROFILEUSUARIO
WT_SESSIONc9fb46de-ddc4-4c0b-9378-20dad91287a0
PROCESSOR_LEVEL23
SYSTEMDRIVEC:
SESSIONNAMEConsole
ALLUSERSPROFILEC:\ProgramData
PROCESSOR_ARCHITECTUREAMD64
DRIVERDATAC:\Windows\System32\Drivers\DriverData
MAVEN_HOMEC:\Program Files\Java\apache-maven-3.9.7
PROGRAMFILESC:\Program Files
PSMODULEPATHC:\Users\gianc\OneDrive\Documentos\WindowsPowerShell\Modules;C:\Program Files\WindowsPowerShell\Modules;C:\Windows\system32\WindowsPowerShell\v1.0\Modules
PROGRAMDATAC:\ProgramData
USERNAMEgianc
WDIRD:\Cosas\Programacion\Proyectos Spring\Spring-deploy
ONEDRIVEC:\Users\gianc\OneDrive
PATHEXT.COM;.EXE;.BAT;.CMD;.VBS;.VBE;.JS;.JSE;.WSF;.WSH;.MSC;.CPL
ONEDRIVECONSUMERC:\Users\gianc\OneDrive
CLASSWORLDS_JAR"C:\Program Files\Java\apache-maven-3.9.7\boot\plexus-classworlds-2.8.0.jar"
WINDIRC:\Windows
HOMEPATH\Users\gianc
PROCESSOR_IDENTIFIERAMD64 Family 23 Model 113 Stepping 0, AuthenticAMD
PUBLICC:\Users\Public
LOCALAPPDATAC:\Users\gianc\AppData\Local
COMMONPROGRAMFILES(X86)C:\Program Files (x86)\Common Files
USERDOMAINUSUARIO
LOGONSERVER\\USUARIO
JAVA_HOMEC:\Program Files\Java\jdk-22
PROMPT$P$G
PROGRAMFILES(X86)C:\Program Files (x86)
ERROR_CODE0
EXEC_DIRD:\Cosas\Programacion\Proyectos Spring\Spring-deploy
WT_PROFILE_ID{61c54bbd-c2c6-5271-96e7-009a87ff44bf}
APPDATAC:\Users\gianc\AppData\Roaming
PROGRAMW6432C:\Program Files
SYSTEMROOTC:\Windows
MAVEN_CMD_LINE_ARGSclean package
OSWindows_NT
COMMONPROGRAMW6432C:\Program Files\Common Files
COMPUTERNAMEUSUARIO
INTELLIJ IDEA COMMUNITY EDITIOND:\Archivos de Programas\IntelliJ IDEA Community Edition 2024.1.1\bin;
COMMONPROGRAMFILESC:\Program Files\Common Files
COMSPECC:\Windows\system32\cmd.exe
JAVACMDC:\Program Files\Java\jdk-22\bin\java.exe
MAVEN_PROJECTBASEDIRD:\Cosas\Programacion\Proyectos Spring\Spring-deploy
PROCESSOR_REVISION7100
CLASSWORLDS_LAUNCHERorg.codehaus.plexus.classworlds.launcher.Launcher
=D:D:\Cosas\Programacion\Proyectos Spring\Spring-deploy
TEMPC:\Users\gianc\AppData\Local\Temp
HOMEDRIVEC:
USERPROFILEC:\Users\gianc
TMPC:\Users\gianc\AppData\Local\Temp
WSLENVWT_SESSION:WT_PROFILE_ID:
NUMBER_OF_PROCESSORS6
JVMCONFIG\.mvn\jvm.config
]]></system-out>
    <system-err><![CDATA[WARNING: A Java agent has been loaded dynamically (C:\Users\gianc\.m2\repository\net\bytebuddy\byte-buddy-agent\1.14.16\byte-buddy-agent-1.14.16.jar)
WARNING: If a serviceability tool is in use, please run with -XX:+EnableDynamicAgentLoading to hide this warning
WARNING: If a serviceability tool is not in use, please run with -Djdk.instrument.traceUsage for more information
WARNING: Dynamic loading of agents will be disallowed by default in a future release
]]></system-err>
  </testcase>
</testsuite>